[    0.000000] Initializing cgroup subsys cpuset
[    0.000000] Initializing cgroup subsys cpu
[    0.000000] Initializing cgroup subsys cpuacct
[    0.000000] Linux version 4.4.0-75-generic (buildd@lgw01-21) (gcc version 5.4.0 20160609 (Ubuntu 5.4.0-6ubuntu1~16.04.4) ) #96-Ubuntu SMP Thu Apr 20 09:56:33 UTC 2017 (Ubuntu 4.4.0-75.96-generic 4.4.59)
[    0.000000] Command line: BOOT_IMAGE=/boot/vmlinuz-4.4.0-75-generic root=UUID=e4fb1626-a84e-4f61-beea-3cf490c6e9e1 ro console=tty1 console=ttyS0
[    0.000000] KERNEL supported cpus:
[    0.000000]   Intel GenuineIntel
[    0.000000]   AMD AuthenticAMD
[    0.000000]   Centaur CentaurHauls
[    0.000000] ------------[ cut here ]------------
[    0.000000] WARNING: CPU: 0 PID: 0 at /build/linux-Hlembm/linux-4.4.0/arch/x86/kernel/fpu/xstate.c:517 fpu__init_system_xstate+0x38b/0x75a()
[    0.000000] XSAVE consistency problem, dumping leaves
[    0.000000] Modules linked in:
[    0.000000] CPU: 0 PID: 0 Comm: swapper Not tainted 4.4.0-75-generic #96-Ubuntu
[    0.000000]  0000000000000086 ed0ce578fe1433f7 ffffffff81e03d80 ffffffff813f8493
[    0.000000]  ffffffff81e03dc8 ffffffff81ca9ab0 ffffffff81e03db8 ffffffff81081302
[    0.000000]  ffffffff81e03e48 ffffffff81e03e4c 0000000000000008 0000000000000100
[    0.000000] Call Trace:
[    0.000000]  [<ffffffff813f8493>] dump_stack+0x63/0x90
[    0.000000]  [<ffffffff81081302>] warn_slowpath_common+0x82/0xc0
[    0.000000]  [<ffffffff8108139c>] warn_slowpath_fmt+0x5c/0x80
[    0.000000]  [<ffffffff8107cfd0>] ? xfeature_size+0x59/0x77
[    0.000000]  [<ffffffff81f6d20f>] fpu__init_system_xstate+0x38b/0x75a
[    0.000000]  [<ffffffff81f5d120>] ? early_idt_handler_array+0x120/0x120
[    0.000000]  [<ffffffff81f6cb7a>] fpu__init_system+0x10d/0x245
[    0.000000]  [<ffffffff81f6dc83>] early_cpu_init+0x139/0x13e
[    0.000000]  [<ffffffff81f6dc83>] ? early_cpu_init+0x139/0x13e
[    0.000000]  [<ffffffff81f6918a>] setup_arch+0xb4/0xcf1
[    0.000000]  [<ffffffff81f5d120>] ? early_idt_handler_array+0x120/0x120
[    0.000000]  [<ffffffff81f5dc74>] start_kernel+0xe4/0x4a2
[    0.000000]  [<ffffffff81f5d120>] ? early_idt_handler_array+0x120/0x120
[    0.000000]  [<ffffffff81f5d339>] x86_64_start_reservations+0x2a/0x2c
[    0.000000]  [<ffffffff81f5d485>] x86_64_start_kernel+0x14a/0x16d
[    0.000000] ---[ end trace 4d5ff9f2f68c4233 ]---
[    0.000000] CPUID[0d, 00]: eax=00000007 ebx=00000440 ecx=00000440 edx=00000000
[    0.000000] CPUID[0d, 01]: eax=00000000 ebx=000003c0 ecx=00000000 edx=00000000
[    0.000000] CPUID[0d, 02]: eax=00000100 ebx=00000240 ecx=00000000 edx=00000000
[    0.000000] CPUID[0d, 03]: eax=00000000 ebx=00000000 ecx=00000000 edx=00000000
[    0.000000] CPUID[0d, 04]: eax=00000000 ebx=00000000 ecx=00000000 edx=00000000
[    0.000000] CPUID[0d, 05]: eax=00000000 ebx=00000000 ecx=00000000 edx=00000000
[    0.000000] CPUID[0d, 06]: eax=00000000 ebx=00000000 ecx=00000000 edx=00000000
[    0.000000] CPUID[0d, 07]: eax=00000000 ebx=00000000 ecx=00000000 edx=00000000
[    0.000000] CPUID[0d, 08]: eax=00000000 ebx=00000000 ecx=00000000 edx=00000000
[    0.000000] CPUID[0d, 09]: eax=00000000 ebx=00000000 ecx=00000000 edx=00000000
[    0.000000] CPUID[0d, 0a]: eax=00000000 ebx=00000000 ecx=00000000 edx=00000000
[    0.000000] CPUID[0d, 0b]: eax=00000000 ebx=00000000 ecx=00000000 edx=00000000
[    0.000000] CPUID[0d, 0c]: eax=00000000 ebx=00000000 ecx=00000000 edx=00000000
[    0.000000] CPUID[0d, 0d]: eax=00000000 ebx=00000000 ecx=00000000 edx=00000000
[    0.000000] CPUID[0d, 0e]: eax=00000000 ebx=00000000 ecx=00000000 edx=00000000
[    0.000000] CPUID[0d, 0f]: eax=00000000 ebx=00000000 ecx=00000000 edx=00000000
[    0.000000] CPUID[0d, 10]: eax=00000000 ebx=00000000 ecx=00000000 edx=00000000
[    0.000000] CPUID[0d, 11]: eax=00000000 ebx=00000000 ecx=00000000 edx=00000000
[    0.000000] x86/fpu: xstate_offset[2]:  576, xstate_sizes[2]:  256
[    0.000000] x86/fpu: Supporting XSAVE feature 0x01: 'x87 floating point registers'
[    0.000000] x86/fpu: Supporting XSAVE feature 0x02: 'SSE registers'
[    0.000000] x86/fpu: Supporting XSAVE feature 0x04: 'AVX registers'
[    0.000000] x86/fpu: Enabled xstate features 0x7, context size is 1088 bytes, using 'standard' format.
[    0.000000] x86/fpu: Using 'lazy' FPU context switches.
[    0.000000] e820: BIOS-provided physical RAM map:
[    0.000000] BIOS-e820: [mem 0x0000000000000000-0x000000000009fbff] usable
[    0.000000] BIOS-e820: [mem 0x000000000009fc00-0x000000000009ffff] reserved
[    0.000000] BIOS-e820: [mem 0x00000000000f0000-0x00000000000fffff] reserved
[    0.000000] BIOS-e820: [mem 0x0000000000100000-0x000000003ffeffff] usable
[    0.000000] BIOS-e820: [mem 0x000000003fff0000-0x000000003fffffff] ACPI data
[    0.000000] BIOS-e820: [mem 0x00000000fec00000-0x00000000fec00fff] reserved
[    0.000000] BIOS-e820: [mem 0x00000000fee00000-0x00000000fee00fff] reserved
[    0.000000] BIOS-e820: [mem 0x00000000fffc0000-0x00000000ffffffff] reserved
[    0.000000] NX (Execute Disable) protection: active
[    0.000000] SMBIOS 2.5 present.
[    0.000000] Hypervisor detected: KVM
[    0.000000] e820: last_pfn = 0x3fff0 max_arch_pfn = 0x400000000
[    0.000000] MTRR: Disabled
[    0.000000] x86/PAT: MTRRs disabled, skipping PAT initialization too.
[    0.000000] x86/PAT: Configuration [0-7]: WB  WT  UC- UC  WB  WT  UC- UC  
[    0.000000] CPU MTRRs all blank - virtualized system.
[    0.000000] found SMP MP-table at [mem 0x0009fff0-0x0009ffff] mapped at [ffff88000009fff0]
[    0.000000] Scanning 1 areas for low memory corruption
[    0.000000] RAMDISK: [mem 0x364a6000-0x3724afff]
[    0.000000] ACPI: Early table checksum verification disabled
[    0.000000] ACPI: RSDP 0x00000000000E0000 000024 (v02 VBOX  )
[    0.000000] ACPI: XSDT 0x000000003FFF0030 00003C (v01 VBOX   VBOXXSDT 00000001 ASL  00000061)
[    0.000000] ACPI: FACP 0x000000003FFF00F0 0000F4 (v04 VBOX   VBOXFACP 00000001 ASL  00000061)
[    0.000000] ACPI: DSDT 0x000000003FFF0470 0021C8 (v02 VBOX   VBOXBIOS 00000002 INTL 20100528)
[    0.000000] ACPI: FACS 0x000000003FFF0200 000040
[    0.000000] ACPI: FACS 0x000000003FFF0200 000040
[    0.000000] ACPI: APIC 0x000000003FFF0240 00005C (v02 VBOX   VBOXAPIC 00000001 ASL  00000061)
[    0.000000] ACPI: SSDT 0x000000003FFF02A0 0001CC (v01 VBOX   VBOXCPUT 00000002 INTL 20100528)
[    0.000000] No NUMA configuration found
[    0.000000] Faking a node at [mem 0x0000000000000000-0x000000003ffeffff]
[    0.000000] NODE_DATA(0) allocated [mem 0x3ffeb000-0x3ffeffff]
[    0.000000] kvm-clock: Using msrs 4b564d01 and 4b564d00
[    0.000000] kvm-clock: cpu 0, msr 0:3ffe3001, primary cpu clock
[    0.000000] kvm-clock: using sched offset of 3261027292 cycles
[    0.000000] clocksource: kvm-clock: mask: 0xffffffffffffffff max_cycles: 0x1cd42e4dffb, max_idle_ns: 881590591483 ns
[    0.000000] Zone ranges:
[    0.000000]   DMA      [mem 0x0000000000001000-0x0000000000ffffff]
[    0.000000]   DMA32    [mem 0x0000000001000000-0x000000003ffeffff]
[    0.000000]   Normal   empty
[    0.000000]   Device   empty
[    0.000000] Movable zone start for each node
[    0.000000] Early memory node ranges
[    0.000000]   node   0: [mem 0x0000000000001000-0x000000000009efff]
[    0.000000]   node   0: [mem 0x0000000000100000-0x000000003ffeffff]
[    0.000000] Initmem setup node 0 [mem 0x0000000000001000-0x000000003ffeffff]
[    0.000000] ACPI: PM-Timer IO Port: 0x4008
[    0.000000] IOAPIC[0]: apic_id 2, version 32, address 0xfec00000, GSI 0-23
[    0.000000] ACPI: INT_SRC_OVR (bus 0 bus_irq 0 global_irq 2 dfl dfl)
[    0.000000] ACPI: INT_SRC_OVR (bus 0 bus_irq 9 global_irq 9 high level)
[    0.000000] Using ACPI (MADT) for SMP configuration information
[    0.000000] smpboot: Allowing 2 CPUs, 0 hotplug CPUs
[    0.000000] PM: Registered nosave memory: [mem 0x00000000-0x00000fff]
[    0.000000] PM: Registered nosave memory: [mem 0x0009f000-0x0009ffff]
[    0.000000] PM: Registered nosave memory: [mem 0x000a0000-0x000effff]
[    0.000000] PM: Registered nosave memory: [mem 0x000f0000-0x000fffff]
[    0.000000] e820: [mem 0x40000000-0xfebfffff] available for PCI devices
[    0.000000] Booting paravirtualized kernel on KVM
[    0.000000] clocksource: refined-jiffies: mask: 0xffffffff max_cycles: 0xffffffff, max_idle_ns: 7645519600211568 ns
[    0.000000] setup_percpu: NR_CPUS:512 nr_cpumask_bits:512 nr_cpu_ids:2 nr_node_ids:1
[    0.000000] PERCPU: Embedded 33 pages/cpu @ffff88003fc00000 s98264 r8192 d28712 u1048576
[    0.000000] PV qspinlock hash table entries: 256 (order: 0, 4096 bytes)
[    0.000000] Built 1 zonelists in Node order, mobility grouping on.  Total pages: 257913
[    0.000000] Policy zone: DMA32
[    0.000000] Kernel command line: BOOT_IMAGE=/boot/vmlinuz-4.4.0-75-generic root=UUID=e4fb1626-a84e-4f61-beea-3cf490c6e9e1 ro console=tty1 console=ttyS0
[    0.000000] PID hash table entries: 4096 (order: 3, 32768 bytes)
[    0.000000] Memory: 998608K/1048120K available (8449K kernel code, 1294K rwdata, 3980K rodata, 1484K init, 1316K bss, 49512K reserved, 0K cma-reserved)
[    0.000000] SLUB: HWalign=64, Order=0-3, MinObjects=0, CPUs=2, Nodes=1
[    0.000000] Hierarchical RCU implementation.
[    0.000000] 	Build-time adjustment of leaf fanout to 64.
[    0.000000] 	RCU restricting CPUs from NR_CPUS=512 to nr_cpu_ids=2.
[    0.000000] RCU: Adjusting geometry for rcu_fanout_leaf=64, nr_cpu_ids=2
[    0.000000] NR_IRQS:33024 nr_irqs:440 16
[    0.000000] Console: colour VGA+ 80x25
[    0.000000] console [tty1] enabled
[    0.000000] console [ttyS0] enabled
[    0.000000] tsc: Detected 2807.998 MHz processor
[    1.968153] Calibrating delay loop (skipped) preset value.. 5615.99 BogoMIPS (lpj=11231992)
[    1.972666] pid_max: default: 32768 minimum: 301
[    1.974113] ACPI: Core revision 20150930
[    1.977261] ACPI: 2 ACPI AML tables successfully acquired and loaded
[    1.983062] Security Framework initialized
[    1.997973] Yama: becoming mindful.
[    2.009570] AppArmor: AppArmor initialized
[    2.037323] Dentry cache hash table entries: 131072 (order: 8, 1048576 bytes)
[    2.039082] Inode-cache hash table entries: 65536 (order: 7, 524288 bytes)
[    2.085157] Mount-cache hash table entries: 2048 (order: 2, 16384 bytes)
[    2.107735] Mountpoint-cache hash table entries: 2048 (order: 2, 16384 bytes)
[    2.112314] Initializing cgroup subsys io
[    2.114929] Initializing cgroup subsys memory
[    2.137751] Initializing cgroup subsys devices
[    2.151224] Initializing cgroup subsys freezer
[    2.164125] Initializing cgroup subsys net_cls
[    2.183843] Initializing cgroup subsys perf_event
[    2.199265] Initializing cgroup subsys net_prio
[    2.200696] Initializing cgroup subsys hugetlb
[    2.202006] Initializing cgroup subsys pids
[    2.203552] CPU: Physical Processor ID: 0
[    2.205664] CPU: Processor Core ID: 0
[    2.208277] mce: CPU supports 0 MCE banks
[    2.211220] Last level iTLB entries: 4KB 64, 2MB 8, 4MB 8
[    2.217478] Last level dTLB entries: 4KB 64, 2MB 0, 4MB 0, 1GB 4
[    2.224261] Freeing SMP alternatives memory: 32K (ffffffff820b8000 - ffffffff820c0000)
[    2.272557] ftrace: allocating 32117 entries in 126 pages
[    2.330354] smpboot: APIC(0) Converting physical 0 to logical package 0
[    2.347673] smpboot: Max logical packages: 1
[    2.357445] x2apic enabled
[    2.365189] Switched APIC routing to physical x2apic.
[    2.382148] ..TIMER: vector=0x30 apic1=0 pin1=2 apic2=-1 pin2=-1
[    2.499534] smpboot: CPU0: Intel(R) Core(TM) i7-6600U CPU @ 2.60GHz (family: 0x6, model: 0x4e, stepping: 0x3)
[    2.521179] Performance Events: unsupported p6 CPU model 78 no PMU driver, software events only.
[    2.546773] KVM setup paravirtual spinlock
[    2.550264] x86: Booting SMP configuration:
[    2.553491] .... node  #0, CPUs:      #1
[    2.580488] kvm-clock: cpu 1, msr 0:3ffe3041, secondary cpu clock
[    2.603483] mce: CPU supports 0 MCE banks
[    2.606091] x86: Booted up 1 node, 2 CPUs
[    2.608657] smpboot: Total of 2 processors activated (11231.99 BogoMIPS)
[    2.615743] devtmpfs: initialized
[    2.624445] evm: security.selinux
[    2.626806] evm: security.SMACK64
[    2.628199] evm: security.SMACK64EXEC
[    2.629415] evm: security.SMACK64TRANSMUTE
[    2.634459] evm: security.SMACK64MMAP
[    2.635627] evm: security.ima
[    2.638387] evm: security.capability
[    2.639648] clocksource: jiffies: mask: 0xffffffff max_cycles: 0xffffffff, max_idle_ns: 7645041785100000 ns
[    2.659410] futex hash table entries: 512 (order: 3, 32768 bytes)
[    2.678591] pinctrl core: initialized pinctrl subsystem
[    2.690993] RTC time: 23:06:02, date: 05/02/17
[    2.698102] NET: Registered protocol family 16
[    2.711469] cpuidle: using governor ladder
[    2.740909] cpuidle: using governor menu
[    2.745696] PCCT header not found.
[    2.758617] ACPI: bus type PCI registered
[    2.769658] acpiphp: ACPI Hot Plug PCI Controller Driver version: 0.5
[    2.775399] PCI: Using configuration type 1 for base access
[    2.788705] ACPI: Added _OSI(Module Device)
[    2.805586] ACPI: Added _OSI(Processor Device)
[    2.808490] ACPI: Added _OSI(3.0 _SCP Extensions)
[    2.822093] ACPI: Added _OSI(Processor Aggregator Device)
[    2.841556] ACPI: Executed 1 blocks of module-level executable AML code
[    2.874511] ACPI: Interpreter enabled
[    2.880026] ACPI: (supports S0 S5)
[    2.890639] ACPI: Using IOAPIC for interrupt routing
[    2.892673] PCI: Using host bridge windows from ACPI; if necessary, use "pci=nocrs" and report a bug
[    2.915703] ACPI: PCI Root Bridge [PCI0] (domain 0000 [bus 00-ff])
[    2.923760] acpi PNP0A03:00: _OSC: OS supports [ASPM ClockPM Segments MSI]
[    2.945899] acpi PNP0A03:00: _OSC failed (AE_NOT_FOUND); disabling ASPM
[    2.974112] acpi PNP0A03:00: fail to add MMCONFIG information, can't access extended PCI configuration space under this bridge.
[    3.029358] PCI host bridge to bus 0000:00
[    3.041085] pci_bus 0000:00: root bus resource [io  0x0000-0x0cf7 window]
[    3.050510] pci_bus 0000:00: root bus resource [io  0x0d00-0xffff window]
[    3.072177] pci_bus 0000:00: root bus resource [mem 0x000a0000-0x000bffff window]
[    3.086531] pci_bus 0000:00: root bus resource [mem 0x40000000-0xffdfffff window]
[    3.091845] pci_bus 0000:00: root bus resource [bus 00-ff]
[    3.116777] pci 0000:00:01.1: legacy IDE quirk: reg 0x10: [io  0x01f0-0x01f7]
[    3.127280] pci 0000:00:01.1: legacy IDE quirk: reg 0x14: [io  0x03f6]
[    3.143235] pci 0000:00:01.1: legacy IDE quirk: reg 0x18: [io  0x0170-0x0177]
[    3.147769] pci 0000:00:01.1: legacy IDE quirk: reg 0x1c: [io  0x0376]
[    3.168744] pci 0000:00:07.0: quirk: [io  0x4000-0x403f] claimed by PIIX4 ACPI
[    3.181098] pci 0000:00:07.0: quirk: [io  0x4100-0x410f] claimed by PIIX4 SMB
[    3.201656] ACPI: PCI Interrupt Link [LNKA] (IRQs 5 9 10 *11)
[    3.237406] ACPI: PCI Interrupt Link [LNKB] (IRQs 5 9 10 *11)
[    3.245988] ACPI: PCI Interrupt Link [LNKC] (IRQs 5 9 *10 11)
[    3.278039] ACPI: PCI Interrupt Link [LNKD] (IRQs 5 *9 10 11)
[    3.282559] ACPI: Enabled 2 GPEs in block 00 to 07
[    3.284450] vgaarb: setting as boot device: PCI:0000:00:02.0
[    3.285477] vgaarb: device added: PCI:0000:00:02.0,decodes=io+mem,owns=io+mem,locks=none
[    3.287023] vgaarb: loaded
[    3.287726] vgaarb: bridge control possible 0000:00:02.0
[    3.316121] SCSI subsystem initialized
[    3.319227] ACPI: bus type USB registered
[    3.321773] usbcore: registered new interface driver usbfs
[    3.326258] usbcore: registered new interface driver hub
[    3.329033] usbcore: registered new device driver usb
[    3.330759] PCI: Using ACPI for IRQ routing
[    3.333994] NetLabel: Initializing
[    3.336262] NetLabel:  domain hash size = 128
[    3.339281] NetLabel:  protocols = UNLABELED CIPSOv4
[    3.340441] NetLabel:  unlabeled traffic allowed by default
[    3.350773] amd_nb: Cannot enumerate AMD northbridges
[    3.415611] clocksource: Switched to clocksource kvm-clock
[    3.445964] AppArmor: AppArmor Filesystem Enabled
[    3.465933] pnp: PnP ACPI init
[    3.478023] pnp: PnP ACPI: found 3 devices
[    3.497518] clocksource: acpi_pm: mask: 0xffffff max_cycles: 0xffffff, max_idle_ns: 2085701024 ns
[    3.545997] NET: Registered protocol family 2
[    3.560558] TCP established hash table entries: 8192 (order: 4, 65536 bytes)
[    3.573509] TCP bind hash table entries: 8192 (order: 5, 131072 bytes)
[    3.581194] TCP: Hash tables configured (established 8192 bind 8192)
[    3.594743] UDP hash table entries: 512 (order: 2, 16384 bytes)
[    3.627407] UDP-Lite hash table entries: 512 (order: 2, 16384 bytes)
[    3.637927] NET: Registered protocol family 1
[    3.641549] pci 0000:00:00.0: Limiting direct PCI/PCI transfers
[    3.650869] pci 0000:00:01.0: Activating ISA DMA hang workarounds
[    3.668538] Unpacking initramfs...
[    3.961382] Freeing initrd memory: 13972K (ffff8800364a6000 - ffff88003724b000)
[    3.975191] platform rtc_cmos: registered platform RTC device (no PNP device found)
[    3.978088] Scanning for low memory corruption every 60 seconds
[    3.986656] audit: initializing netlink subsys (disabled)
[    3.990896] audit: type=2000 audit(1493766365.780:1): initialized
[    4.001286] Initialise system trusted keyring
[    4.004944] HugeTLB registered 2 MB page size, pre-allocated 0 pages
[    4.025895] zbud: loaded
[    4.028510] VFS: Disk quotas dquot_6.6.0
[    4.031383] VFS: Dquot-cache hash table entries: 512 (order 0, 4096 bytes)
[    4.034573] squashfs: version 4.0 (2009/01/31) Phillip Lougher
[    4.044497] fuse init (API version 7.23)
[    4.053789] Key type big_key registered
[    4.074408] Allocating IMA MOK and blacklist keyrings.
[    4.083918] Key type asymmetric registered
[    4.099255] Asymmetric key parser 'x509' registered
[    4.102087] Block layer SCSI generic (bsg) driver version 0.4 loaded (major 249)
[    4.117481] io scheduler noop registered
[    4.138410] io scheduler deadline registered (default)
[    4.173632] io scheduler cfq registered
[    4.205874] pci_hotplug: PCI Hot Plug PCI Core version: 0.5
[    4.217656] pciehp: PCI Express Hot Plug Controller Driver version: 0.4
[    4.256545] ACPI: AC Adapter [AC] (on-line)
[    4.265120] input: Power Button as /devices/LNXSYSTM:00/LNXPWRBN:00/input/input0
[    4.268169] ACPI: Power Button [PWRF]
[    4.269920] input: Sleep Button as /devices/LNXSYSTM:00/LNXSLPBN:00/input/input1
[    4.273055] ACPI: Sleep Button [SLPF]
[    4.274561] GHES: HEST is not enabled!
[    4.276637] ACPI: Battery Slot [BAT0] (battery present)
[    4.282713] Serial: 8250/16550 driver, 32 ports, IRQ sharing enabled
[    4.307721] 00:02: ttyS0 at I/O 0x3f8 (irq = 4, base_baud = 115200) is a 16550A
[    4.368448] Linux agpgart interface v0.103
[    4.392171] loop: module loaded
[    4.407721] scsi host0: ata_piix
[    4.445380] scsi host1: ata_piix
[    4.466862] ata1: PATA max UDMA/33 cmd 0x1f0 ctl 0x3f6 bmdma 0xd000 irq 14
[    4.469176] ata2: PATA max UDMA/33 cmd 0x170 ctl 0x376 bmdma 0xd008 irq 15
[    4.470451] libphy: Fixed MDIO Bus: probed
[    4.480607] tun: Universal TUN/TAP device driver, 1.6
[    4.528237] tun: (C) 1999-2004 Max Krasnyansky <maxk@qualcomm.com>
[    4.571768] PPP generic driver version 2.4.2
[    4.574997] ehci_hcd: USB 2.0 'Enhanced' Host Controller (EHCI) Driver
[    4.577321] ehci-pci: EHCI PCI platform driver
[    4.582390] ehci-platform: EHCI generic platform driver
[    4.584175] ohci_hcd: USB 1.1 'Open' Host Controller (OHCI) Driver
[    4.588811] ohci-pci: OHCI PCI platform driver
[    4.648104] ohci-platform: OHCI generic platform driver
[    4.666296] uhci_hcd: USB Universal Host Controller Interface driver
[    4.669173] i8042: PNP: PS/2 Controller [PNP0303:PS2K,PNP0f03:PS2M] at 0x60,0x64 irq 1,12
[    4.675183] serio: i8042 KBD port at 0x60,0x64 irq 1
[    4.676245] serio: i8042 AUX port at 0x60,0x64 irq 12
[    4.683936] mousedev: PS/2 mouse device common for all mice
[    4.688569] rtc_cmos rtc_cmos: rtc core: registered rtc_cmos as rtc0
[    4.731805] rtc_cmos rtc_cmos: alarms up to one day, 114 bytes nvram
[    4.774093] i2c /dev entries driver
[    4.775473] device-mapper: uevent: version 1.0.3
[    4.791325] input: AT Translated Set 2 keyboard as /devices/platform/i8042/serio0/input/input2
[    4.869375] device-mapper: ioctl: 4.34.0-ioctl (2015-10-28) initialised: dm-devel@redhat.com
[    4.873756] ledtrig-cpu: registered to indicate activity on CPUs
[    4.876577] NET: Registered protocol family 10
[    4.884720] NET: Registered protocol family 17
[    4.885669] Key type dns_resolver registered
[    4.886789] microcode: CPU0 sig=0x406e3, pf=0x2, revision=0x0
[    4.887891] microcode: CPU1 sig=0x406e3, pf=0x2, revision=0x0
[    4.894278] microcode: Microcode Update Driver: v2.01 <tigran@aivazian.fsnet.co.uk>, Peter Oruba
[    4.970553] registered taskstats version 1
[    4.972683] tsc: Refined TSC clocksource calibration: 2808.139 MHz
[    4.975686] clocksource: tsc: mask: 0xffffffffffffffff max_cycles: 0x287a49893f0, max_idle_ns: 440795285771 ns
[    4.992775] Loading compiled-in X.509 certificates
[    4.995148] Loaded X.509 cert 'Build time autogenerated kernel key: c2fea74804032151001b764dbf9eab8df960fa59'
[    5.105306] zswap: loaded using pool lzo/zbud
[    5.142082] Key type trusted registered
[    5.169174] Key type encrypted registered
[    5.178903] AppArmor: AppArmor sha1 policy hashing enabled
[    5.187825] ima: No TPM chip found, activating TPM-bypass!
[    5.188895] evm: HMAC attrs: 0x1
[    5.189971]   Magic number: 1:648:149
[    5.190877] rtc_cmos rtc_cmos: setting system clock to 2017-05-02 23:06:05 UTC (1493766365)
[    5.192739] BIOS EDD facility v0.16 2004-Jun-25, 0 devices found
[    5.193838] EDD information not available.
[    5.198652] Freeing unused kernel memory: 1484K (ffffffff81f45000 - ffffffff820b8000)
[    5.275931] Write protecting the kernel read-only data: 14336k
[    5.280661] Freeing unused kernel memory: 1780K (ffff880001843000 - ffff880001a00000)
[    5.288268] Freeing unused kernel memory: 116K (ffff880001de3000 - ffff880001e00000)
Loading, please [    5.305727] random: systemd-udevd: uninitialized urandom read (16 bytes read, 5 bits of entropy available)
wait...
startin[    5.305986] random: udevadm: uninitialized urandom read (16 bytes read, 5 bits of entropy available)
g version 229
[    5.306015] random: udevadm: uninitialized urandom read (16 bytes read, 5 bits of entropy available)
[    5.306109] random: udevadm: uninitialized urandom read (16 bytes read, 5 bits of entropy available)
[    5.306142] random: udevadm: uninitialized urandom read (16 bytes read, 5 bits of entropy available)
[    5.306173] random: udevadm: uninitialized urandom read (16 bytes read, 5 bits of entropy available)
[    5.306204] random: udevadm: uninitialized urandom read (16 bytes read, 5 bits of entropy available)
[    5.306235] random: udevadm: uninitialized urandom read (16 bytes read, 5 bits of entropy available)
[    5.306264] random: udevadm: uninitialized urandom read (16 bytes read, 5 bits of entropy available)
[    5.306298] random: udevadm: uninitialized urandom read (16 bytes read, 5 bits of entropy available)
[    5.501597] e1000: Intel(R) PRO/1000 Network Driver - version 7.3.21-k8-NAPI
[    5.526378] e1000: Copyright (c) 1999-2006 Intel Corporation.
[    5.545883] AVX version of gcm_enc/dec engaged.
[    5.548128] Fusion MPT base driver 3.04.20
[    5.548128] Copyright (c) 1999-2008 LSI Corporation
[    5.592472] AES CTR mode by8 optimization enabled
[    5.599965] Fusion MPT SPI Host driver 3.04.20
[    5.741650] input: ImExPS/2 Generic Explorer Mouse as /devices/platform/i8042/serio1/input/input4
[    5.964058] e1000 0000:00:03.0 eth0: (PCI:33MHz:32-bit) 02:82:9e:07:08:84
[    5.975593] e1000 0000:00:03.0 eth0: Intel(R) PRO/1000 Network Connection
[    5.980737] e1000 0000:00:03.0 enp0s3: renamed from eth0
[    5.983551] mptbase: ioc0: Initiating bringup
[    6.047816] ioc0: LSI53C1030 A0: Capabilities={Initiator}
[    6.236904] scsi host2: ioc0: LSI53C1030 A0, FwRev=00000000h, Ports=1, MaxQ=256, IRQ=20
[    6.399095] scsi 2:0:0:0: Direct-Access     VBOX     HARDDISK         1.0  PQ: 0 ANSI: 5
[    6.422636] scsi target2:0:0: Beginning Domain Validation
[    6.470075] scsi target2:0:0: Domain Validation skipping write tests
[    6.476846] scsi target2:0:0: Ending Domain Validation
[    6.477941] scsi target2:0:0: asynchronous
[    6.479634] scsi 2:0:1:0: Direct-Access     VBOX     HARDDISK         1.0  PQ: 0 ANSI: 5
[    6.482920] scsi target2:0:1: Beginning Domain Validation
[    6.485319] scsi target2:0:1: Domain Validation skipping write tests
[    6.492888] scsi target2:0:1: Ending Domain Validation
[    6.495004] scsi target2:0:1: asynchronous
[    6.503874] sd 2:0:0:0: Attached scsi generic sg0 type 0
[    6.506883] sd 2:0:0:0: [sda] 20971520 512-byte logical blocks: (10.7 GB/10.0 GiB)
[    6.510480] sd 2:0:0:0: [sda] Write Protect is off
[    6.510814] sd 2:0:1:0: [sdb] 20480 512-byte logical blocks: (10.5 MB/10.0 MiB)
[    6.510933] sd 2:0:1:0: [sdb] Write Protect is off
[    6.511010] sd 2:0:1:0: [sdb] Incomplete mode parameter data
[    6.511012] sd 2:0:1:0: [sdb] Assuming drive cache: write through
[    6.540152] sd 2:0:1:0: Attached scsi generic sg1 type 0
[    6.543559] sd 2:0:1:0: [sdb] Attached SCSI disk
[    6.593255] sd 2:0:0:0: [sda] Incomplete mode parameter data
[    6.597778] sd 2:0:0:0: [sda] Assuming drive cache: write through
[    6.601895]  sda: sda1
[    6.629231] sd 2:0:0:0: [sda] Attached SCSI disk
[    8.534597] floppy0: no floppy controllers found
Begin: Loading e[    9.931301] md: linear personality registered for level -1
ssential drivers ... [    9.974102] md: multipath personality registered for level -4
[    9.990909] md: raid0 personality registered for level 0
[   10.002798] md: raid1 personality registered for level 1
[   10.075977] raid6: sse2x1   gen()  8984 MB/s
[   10.156189] raid6: sse2x1   xor()  5180 MB/s
[   10.231955] raid6: sse2x2   gen()  9878 MB/s
[   10.328036] raid6: sse2x2   xor()  6758 MB/s
[   10.448530] raid6: sse2x4   gen() 11679 MB/s
[   10.531908] raid6: sse2x4   xor()  7594 MB/s
[   10.563134] raid6: using algorithm sse2x4 gen() 11679 MB/s
[   10.575987] raid6: .... xor() 7594 MB/s, rmw enabled
[   10.631418] raid6: using ssse3x2 recovery algorithm
[   10.643429] xor: automatically using best checksumming function:
[   10.724457]    avx       : 24160.000 MB/sec
[   10.756302] async_tx: api initialized (async)
[   10.803407] md: raid6 personality registered for level 6
[   10.810911] md: raid5 personality registered for level 5
[   10.819451] md: raid4 personality registered for level 4
[   10.827569] md: raid10 personality registered for level 10
done.
Begin: Running /scripts/init-premount ... done[   10.897145] Btrfs loaded
.
Begin: Mounting root file system ... Begin: Running /scripts/local-top ... done.
Begin: Running /scripts/local-premount ... Scanning for Btrfs filesystems
done.
Warning: fsck not present, so sk[   10.953193] EXT4-fs (sda1): mounted filesystem with ordered data mode. Opts: (null)
ipping root file system
done.
Begin: Running /scripts/local-bottom ... done.
Begin: Running /scripts/init-bottom ... Warning: overlayroot: debug is busted
done.
[   11.079316] systemd[1]: systemd 229 running in system mode. (+PAM +AUDIT +SELINUX +IMA +APPARMOR +SMACK +SYSVINIT +UTMP +LIBCRYPTSETUP +GCRYPT +GNUTLS +ACL +XZ -LZ4 +SECCOMP +BLKID +ELFUTILS +KMOD -IDN)
[   11.091929] systemd[1]: Detected virtualization oracle.
[   11.092970] systemd[1]: Detected architecture x86-64.

Welcome to [1mUbuntu 16.04.1 LTS[0m!

[   11.101989] systemd[1]: Set hostname to <repos>.
[   11.210307] systemd[1]: Listening on /dev/initctl Compatibility Named Pipe.
[[0;32m  OK  [0m] Listening on /dev/initctl Compatibility Named Pipe.
[   11.297530] systemd[1]: Listening on Device-mapper event daemon FIFOs.
[[0;32m  OK  [0m] Listening on Device-mapper event daemon FIFOs.
[   11.325551] systemd[1]: Set up automount Arbitrary Executable File Formats File System Automount Point.
[[0;32m  OK  [0m] Set up automount Arbitrary Executab...ats File System Automount Point.
[   11.381330] systemd[1]: Reached target Swap.
[[0;32m  OK  [0m] Reached target Swap.
[   11.410166] systemd[1]: Listening on LVM2 poll daemon socket.
[[0;32m  OK  [0m] Listening on LVM2 poll daemon socket.
[   11.440204] systemd[1]: Listening on Journal Audit Socket.
[[0;32m  OK  [0m] Listening on Journal Audit Socket.
[   11.494853] systemd[1]: Created slice User and Session Slice.
[[0;32m  OK  [0m] Created slice User and Session Slice.
[   11.568910] systemd[1]: Created slice System Slice.
[[0;32m  OK  [0m] Created slice System Slice.
[   11.606260] systemd[1]: Reached target Slices.
[[0;32m  OK  [0m] Reached target Slices.
[   11.612302] systemd[1]: Listening on Journal Socket.
[[0;32m  OK  [0m] Listening on Journal Socket.
[   11.672368] systemd[1]: Mounting Debug File System...
         Mounting Debug File System...
[   11.735781] systemd[1]: Starting Nameserver information manager...
         Starting Nameserver information manager...
[   11.793604] systemd[1]: Starting Remount Root and Kernel File Systems...
         Starting Remount Root and Kernel File Systems...[   11.800711] EXT4-fs (sda1): re-mounted. Opts: (null)

[   11.805158] systemd[1]: Starting Load Kernel Modules...
         [   11.852510] Loading iSCSI transport class v2.0-870.
Starting Load Ke[   11.871792] iscsi: registered transport (tcp)
rnel Modules...
[   11.890789] systemd[1]: Listening on LVM2 metadata daemon socket.
[[0;32m  OK  [0m] Listening on LVM2 metadata da[   11.921099] iscsi: registered transport (iser)
emon socket.
[   11.988393] systemd[1]: Starting Monitoring of LVM2 mirrors, snapshots etc. using dmeventd or progress polling...
[   11.999575] random: nonblocking pool is initialized
         Starting Monitoring of LVM2 mirrors... dmeventd or progress polling...
[   12.005874] systemd[1]: Started Forward Password Requests to Wall Directory Watch.
[[0;32m  OK  [0m] Started Forward Password Requests to Wall Directory Watch.
[   12.019026] systemd[1]: Listening on Journal Socket (/dev/log).
[[0;32m  OK  [0m] Listening on Journal Socket (/dev/log).
[   12.100397] systemd[1]: Starting Create list of required static device nodes for the current kernel...
         Starting Create list of required st... nodes for the current kernel...
[   12.157128] systemd[1]: Created slice system-serial\x2dgetty.slice.
[[0;32m  OK  [0m] Created slice system-serial\x2dgetty.slice.
[   12.197988] systemd[1]: Reached target Encrypted Volumes.
[[0;32m  OK  [0m] Reached target Encrypted Volumes.
[   12.215914] systemd[1]: Starting Set console keymap...
         Starting Set console keymap...
[   12.328337] systemd[1]: Mounting Huge Pages File System...
         Mounting Huge Pages File System...
[   12.392322] systemd[1]: Listening on udev Control Socket.
[[0;32m  OK  [0m] Listening on udev Control Socket.
[   12.394599] systemd[1]: Listening on Syslog Socket.
[[0;32m  OK  [0m] Listening on Syslog Socket.
[   12.419831] systemd[1]: Starting Journal Service...
         Starting Journal Service...
[   12.510762] systemd[1]: Listening on udev Kernel Socket.
[[0;32m  OK  [0m] Listening on udev Kernel Socket.
[   12.518473] systemd[1]: Reached target User and Group Name Lookups.
[[0;32m  OK  [0m] Reached target User and Group Name Lookups.
[   12.612447] systemd[1]: Mounting POSIX Message Queue File System...
         Mounting POSIX Message Queue File System...
[   12.700331] systemd[1]: Starting Uncomplicated firewall...
         Starting Uncomplicated firewall...
[   12.745174] systemd[1]: Mounted Debug File System.
[[0;32m  OK  [0m] Mounted Debug File System.
[   12.766485] systemd[1]: Mounted Huge Pages File System.
[[0;32m  OK  [0m] Mounted Huge Pages File System.
[   12.799778] systemd[1]: Mounted POSIX Message Queue File System.
[[0;32m  OK  [0m] Mounted POSIX Message Queue File System.
[   12.802341] systemd[1]: Started Journal Service.
[[0;32m  OK  [0m] Started Journal Service.
[[0;32m  OK  [0m] Started Remount Root and Kernel File Systems.
[[0;32m  OK  [0m] Started Load Kernel Modules.
[[0;32m  OK  [0m] Started Create list of required sta...ce nodes for the current kernel.
[[0;32m  OK  [0m] Started Set console keymap.
[[0;32m  OK  [0m] Started Uncomplicated firewall.
[[0;32m  OK  [0m] Started Nameserver information manager.
[[0;32m  OK  [0m] Started LVM2 metadata daemon.
         Starting Create Static Device Nodes in /dev...
         Mounting FUSE Control File System...
         Starting Apply Kernel Variables...
         Starting Load/Save Random Seed...
         Starting udev Coldplug all Devices...
         Starting Flush Journal to Persistent Storage...
[[0;32m  OK  [0m] Mounted FUSE Control File System.
[[0;32m  OK  [0m] Started Create Static Device Nodes in /dev.
[[0;32m  OK  [0m] Started Apply Kernel Variables.
[[0;32m  OK  [0m] Started Load/Save Random Seed.
[[0;32m  OK  [0m] Started udev Coldplug all Devices.
[[0;32m  OK  [0m] Started Flush Journal to Persistent Storage.
[[0;32m  OK  [0m] Started Monitoring of LVM2 mirrors,...ng dmeventd or progress polling.
         Starting udev Kernel Device Manager...
[[0;32m  OK  [0m] Started udev Kernel Device Manager.
[[0;32m  OK  [0m] Reached target Local File Systems (Pre).
[[0;32m  OK  [0m] Reached target Local File Systems.
         Starting Tell Plymouth To Write Out Runtime Data...
         Starting LSB: AppArmor initialization...
         Starting Create Volatile Files and Directories...
         Starting Initial cloud-init job (pre-networking)...
         Starting Set console font and keymap...
[[0;32m  OK  [0m] Started Dispatch Password Requests to Console Directory Watch.
[[0;32m  OK  [0m] Started Tell Plymouth To Write Out Runtime Data.
[[0;32m  OK  [0m] Started Create Volatile Files and Directories.
[[0;32m  OK  [0m] Found device /dev/ttyS0.
[[0;32m  OK  [0m] Listening on Load/Save RF Kill Switch Status /dev/rfkill Watch.
[[0;32m  OK  [0m] Reached target System Time Synchronized.
         Starting Update UTMP about System Boot/Shutdown...
[[0;32m  OK  [0m] Started LSB: AppArmor initialization.
[   11.828991] cloud-init[581]: Cloud-init v. 0.7.7 running 'init-local' at Tue, 02 May 2017 23:06:14 +0000. Up 11.50 seconds.
[[0;32m  OK  [0m] Started Set console font and keymap.
[[0;32m  OK  [0m] Started Initial cloud-init job (pre-networking).
[[0;32m  OK  [0m] Started Update UTMP about System Boot/Shutdown.
[[0;32m  OK  [0m] Reached target Network (Pre).
[[0;32m  OK  [0m] Created slice system-getty.slice.
[[0;32m  OK  [0m] Started ifup for enp0s3.
         Starting Raise network interfaces...
[[0;32m  OK  [0m] Reached target System Initialization.
         Starting LXD - unix socket.
[[0;32m  OK  [0m] Started Trigger resolvconf update for networkd DNS.
[[0;32m  OK  [0m] Started Daily Cleanup of Temporary Directories.
[[0;32m  OK  [0m] Listening on UUID daemon activation socket.
[[0;32m  OK  [0m] Started ACPI Events Check.
[[0;32m  OK  [0m] Reached target Paths.
[[0;32m  OK  [0m] Started Daily apt activities.
[[0;32m  OK  [0m] Started Timer to automatically refresh installed snaps.
[[0;32m  OK  [0m] Reached target Timers.
[[0;32m  OK  [0m] Listening on ACPID Listen Socket.
[[0;32m  OK  [0m] Listening on D-Bus System Message Bus Socket.
         Starting Socket activation for snappy daemon.
[[0;32m  OK  [0m] Listening on LXD - unix socket.
[[0;32m  OK  [0m] Listening on Socket activation for snappy daemon.
[[0;32m  OK  [0m] Reached target Sockets.
[[0;32m  OK  [0m] Reached target Basic System.
[[0;32m  OK  [0m] Started Snappy daemon.
[[0;32m  OK  [0m] Started Regular background program processing daemon.
         Starting vboxadd.service...
[[0;32m  OK  [0m] Started D-Bus System Message Bus.
         Starting LSB: Record successful boot for GRUB...
         Starting Accounts Service...
[[0;32m  OK  [0m] Started FUSE filesystem for LXC.
         Starting LSB: MD monitoring daemon...
         Starting System Logging Service...
         Starting vboxadd-x11.service...
         Starting Login Service...
[[0;32m  OK  [0m] Started ACPI event daemon.
[[0;32m  OK  [0m] Started Deferred execution scheduler.
         Starting LXD - container startup/shutdown...
[[0;32m  OK  [0m] Started System Logging Service.
[[0;32m  OK  [0m] Started vboxadd.service.
[[0;32m  OK  [0m] Started vboxadd-x11.service.
[[0;32m  OK  [0m] Started LXD - container startup/shutdown.
[[0;32m  OK  [0m] Started LSB: Record successful boot for GRUB.
[[0;32m  OK  [0m] Started LSB: MD monitoring daemon.
[[0;32m  OK  [0m] Started Login Service.
         Starting Authenticate and Authorize Users to Run Privileged Tasks...
         Starting vboxadd-service.service...
[[0;32m  OK  [0m] Started Authenticate and Authorize Users to Run Privileged Tasks.
[[0;32m  OK  [0m] Started vboxadd-service.service.
[[0;32m  OK  [0m] Started Accounts Service.
[[0;32m  OK  [0m] Started Raise network interfaces.
[[0;32m  OK  [0m] Reached target Network.
         Starting The PHP 7.0 FastCGI Process Manager...
         Starting Initial cloud-init job (metadata service crawler)...
[[0;32m  OK  [0m] Started The PHP 7.0 FastCGI Process Manager.
[   14.652407] cloud-init[1072]: Cloud-init v. 0.7.7 running 'init' at Tue, 02 May 2017 23:06:17 +0000. Up 14.42 seconds.
[[0;32m  OK  [0m] Started Initial cloud-init job (metadata service crawler).
[   14.732233] cloud-init[1072]: ci-info: +++++++++++++++++++++++++++++++++++++Net device info+++++++++++++++++++++++++++++++++++++
[   14.928512] cloud-init[1072]: ci-info: +--------+------+---------------------------+---------------+-------+-------------------+
[[0;32m  OK  [0m] Reached target Cloud-config availability.
[[0;32m  OK  [0m] Reached target Network is Online.
[   14.955209] cloud-init[1072]: ci-info: | Device |  Up  |          Address          |      Mask     | Scope |     Hw-Address    |
         Starting OpenBSD Secure Shell server...
[   15.039586] cloud-init[1072]: ci-info: +--------+------+---------------------------+---------------+-------+-------------------+
[   15.130288] cloud-init[1072]: ci-info: | enp0s3 | True |         10.0.2.15         | 255.255.255.0 |   .   | 02:82:9e:07:08:84 |
         Starting Apply the settings specified in cloud-config...
[   15.137372] cloud-init[1072]: ci-info: | enp0s3 | True | fe80::82:9eff:fe07:884/64 |       .       |  link | 02:82:9e:07:08:84 |
[   15.219776] cloud-init[1072]: ci-info: |   lo   | True |         127.0.0.1         |   255.0.0.0   |   .   |         .         |
[   15.312866]          cloud-initStarting iSCSI initiator daemon (iscsid)...[1072]: 
ci-info: |   lo   | True |          ::1/128          |       .       |  host |         .         |
[   15.402471]          cloud-initStarting /etc/rc.local Compatibility...[1072]: 
ci-info: +--------+------+---------------------------+---------------+-------+-------------------+
[   15.484604] [cloud-init[0;32m  OK  [0m[1072]: ] ci-info: +++++++++++++++++++++++++++Route IPv4 info++++++++++++++++++++++++++++Started OpenBSD Secure Shell server.

[   15.493241] [cloud-init[0;32m  OK  [0m[1072]: ] ci-info: +-------+-------------+----------+---------------+-----------+-------+Started Apply the settings specified in cloud-config.

[   15.493726] cloud-init[1072]: ci-info: | Route | Destination | Gateway  |    Genmask    | Interface | Flags |
[   15.659762] [cloud-init[0;32m  OK  [0m[1072]: ] ci-info: +-------+-------------+----------+---------------+-----------+-------+Started /etc/rc.local Compatibility.

[[0;32m  OK  [0m] Started iSCSI initiator daemon (iscsid).
[   15.660275] cloud-init[1072]: ci-info: |   0   |   0.0.0.0   | 10.0.2.2 |    0.0.0.0    |   enp0s3  |   UG  |
[   15.818878] cloud-init[1072]: ci-info: |   1   |   10.0.2.0  | 0.0.0.0  | 255.255.255.0 |   enp0s3  |   U   |
[   15.819250] cloud-init[1072]: ci-info: +-------+-------------+----------+---------------+-----------+-------+
[   15.820568] cloud-init[1121]: Cloud-init v. 0.7.7 running 'modules:config' at Tue, 02 May 2017 23:06:18 +0000. Up 15.31 seconds.
         Starting Login to default iSCSI targets...
         Starting Execute cloud user/final scripts...
[[0;32m  OK  [0m] Started Login to default iSCSI targets.
[[0;32m  OK  [0m] Reached target Remote File Systems (Pre).
[[0;32m  OK  [0m] Reached target Remote File Systems.
         Starting Permit User Sessions...
         Starting LSB: automatic crash report generation...
         Starting LSB: Set the CPU Frequency Scaling governor to "ondemand"...
         Starting LSB: daemon to balance interrupts for SMP systems...
[[0;32m  OK  [0m] Started Permit User Sessions.
[[0;32m  OK  [0m] Created slice User Slice of ubuntu.
[   16.362620] cloud-init[1148]: Cloud-init v. 0.7.7 running 'modules:final' at Tue, 02 May 2017 23:06:19 +0000. Up 16.25 seconds.
         Starting User Manager for UID 1000...
[   16.429478] cloud-init[1148]: Cloud-init v. 0.7.7 finished at Tue, 02 May 2017 23:06:19 +0000. Datasource DataSourceNoCloud [seed=/dev/sdb][dsmode=net].  Up 16.35 seconds
[[0;32m  OK  [0m] Started Session 1 of user ubuntu.
         Starting Hold until boot process finishes up...
         Starting Terminate Plymouth Boot Screen...
[[0;32m  OK  [0m] Started User Manager for UID 1000.
[[0;32m  OK  [0m] Started Execute cloud user/final scripts.
[[0;32m  OK  [0m] Started LSB: automatic crash report generation.
[[0;32m  OK  [0m] Started LSB: Set the CPU Frequency Scaling governor to "ondemand".
[[0;32m  OK  [0m] Started Hold until boot process finishes up.
[[0;32m  OK  [0m] Started Terminate Plymouth Boot Screen.
[[0;32m  OK  [0m] Started LSB: daemon to balance interrupts for SMP systems.
         Starting Set console scheme...
[[0;32m  OK  [0m] Started Getty on tty1.
[[0;32m  OK  [0m] Started Serial Getty on ttyS0.
[[0;32m  OK  [0m] Reached target Login Prompts.
[[0;32m  OK  [0m] Reached target Cloud-init target.
[[0;32m  OK  [0m] Reached target Multi-User System.
[[0;32m  OK  [0m] Reached target Graphical Interface.
         Starting Update UTMP about System Runlevel Changes...
[[0;32m  OK  [0m] Started Set console scheme.
[[0;32m  OK  [0m] Started Update UTMP about System Runlevel Changes.

Ubuntu 16.04.1 LTS repos ttyS0

repos login: 